<?xml version="1.0" encoding="UTF-8"?>
<!-- Generated by org.testng.reporters.JUnitReportReporter -->
<testsuite skipped="0" hostname="DESKTOP-JC7U75T" name="org.testNG.TestSample" tests="5" failures="0" timestamp="09 Feb 2022 04:27:44 GMT" time="0.000" errors="0">
  <testcase name="tc4" time="0.000" classname="org.testNG.TestSample"/>
  <testcase name="tc3" time="0.000" classname="org.testNG.TestSample"/>
  <testcase name="tc2" time="0.000" classname="org.testNG.TestSample"/>
  <testcase name="tc1" time="0.000" classname="org.testNG.TestSample"/>
  <testcase name="tc5" time="0.000" classname="org.testNG.TestSample"/>
</testsuite> <!-- org.testNG.TestSample -->
